{"uuid":"9a587430-fac8-4921-b66c-e18746362f67","historyId":"365d2ff0726866a2de5438334b221c6e","testCaseId":"[engine:junit-jupiter]/[class:courseplayw.StatusCodeInterceptionTest]/[method:testContentWithoutAds()]","testCaseName":"testContentWithoutAds()","fullName":"courseplayw.StatusCodeInterceptionTest.testContentWithoutAds","labels":[{"name":"junit.platform.uniqueid","value":"[engine:junit-jupiter]/[class:courseplayw.StatusCodeInterceptionTest]/[method:testContentWithoutAds()]"},{"name":"host","value":"SIGMA-11000"},{"name":"thread","value":"22124@SIGMA-11000.main(1)"},{"name":"framework","value":"junit-platform"},{"name":"language","value":"java"},{"name":"package","value":"courseplayw.StatusCodeInterceptionTest"},{"name":"testClass","value":"courseplayw.StatusCodeInterceptionTest"},{"name":"testMethod","value":"testContentWithoutAds"},{"name":"suite","value":"courseplayw.StatusCodeInterceptionTest"}],"links":[],"name":"testContentWithoutAds()","status":"broken","statusDetails":{"known":false,"muted":false,"flaky":false,"message":"Failed to create driver","trace":"java.lang.RuntimeException: Failed to create driver\r\n\tat com.microsoft.playwright.impl.driver.Driver.createAndInstall(Driver.java:105)\r\n\tat com.microsoft.playwright.impl.driver.Driver.ensureDriverInstalled(Driver.java:57)\r\n\tat com.microsoft.playwright.impl.PlaywrightImpl.createImpl(PlaywrightImpl.java:46)\r\n\tat com.microsoft.playwright.impl.PlaywrightImpl.create(PlaywrightImpl.java:36)\r\n\tat com.microsoft.playwright.Playwright.create(Playwright.java:110)\r\n\tat com.microsoft.playwright.Playwright.create(Playwright.java:114)\r\n\tat courseplayw.StatusCodeInterceptionTest.setUp(StatusCodeInterceptionTest.java:18)\r\n\tat java.base/java.lang.reflect.Method.invoke(Method.java:568)\r\n\tat java.base/java.util.ArrayList.forEach(ArrayList.java:1511)\r\n\tat java.base/java.util.ArrayList.forEach(ArrayList.java:1511)\r\n\tSuppressed: java.lang.NullPointerException: Cannot invoke \"com.microsoft.playwright.BrowserContext.close()\" because \"this.context\" is null\r\n\t\tat courseplayw.StatusCodeInterceptionTest.tearDown(StatusCodeInterceptionTest.java:91)\r\n\t\t... 3 more\r\nCaused by: java.lang.RuntimeException: Failed to install browsers, exit code: 1\r\n\tat com.microsoft.playwright.impl.driver.jar.DriverJar.installBrowsers(DriverJar.java:99)\r\n\tat com.microsoft.playwright.impl.driver.jar.DriverJar.initialize(DriverJar.java:68)\r\n\tat com.microsoft.playwright.impl.driver.Driver.initialize(Driver.java:64)\r\n\tat com.microsoft.playwright.impl.driver.Driver.createAndInstall(Driver.java:101)\r\n\t... 9 more\r\n"},"stage":"finished","description":"","steps":[],"attachments":[],"parameters":[],"start":1747046577909,"stop":1747046580600}